<?xml version="1.0" encoding="UTF-8"?>
<!-- Generated by org.testng.reporters.JUnitReportReporter -->
<testsuite skipped="0" hostname="Shashi" name="mu.queuetest.NewTest" tests="14" failures="0" timestamp="26 Jun 2017 10:27:40 GMT" time="0.079" errors="1">
  <testcase name="numberOfTabTest" time="0.031" classname="mu.queuetest.NewTest"/>
  <testcase name="test1" time="0.000" classname="mu.queuetest.NewTest"/>
  <testcase name="test2" time="0.000" classname="mu.queuetest.NewTest"/>
  <testcase name="test3" time="0.016" classname="mu.queuetest.NewTest"/>
  <testcase name="test4" time="0.000" classname="mu.queuetest.NewTest"/>
  <testcase name="test5" time="0.000" classname="mu.queuetest.NewTest"/>
  <testcase name="test6" time="0.000" classname="mu.queuetest.NewTest"/>
  <testcase name="test7" time="0.016" classname="mu.queuetest.NewTest"/>
  <testcase name="test8" time="0.000" classname="mu.queuetest.NewTest"/>
  <testcase name="test9" time="0.000" classname="mu.queuetest.NewTest"/>
  <testcase name="test10" time="0.000" classname="mu.queuetest.NewTest"/>
  <testcase name="test11" time="0.000" classname="mu.queuetest.NewTest"/>
  <testcase name="test12" time="0.000" classname="mu.queuetest.NewTest"/>
  <testcase name="tes13" time="0.016" classname="mu.queuetest.NewTest">
    <error type="java.lang.NullPointerException">
      <![CDATA[java.lang.NullPointerException
	at my.queue.Queue.case1(Queue.java:188)
	at mu.queuetest.NewTest.tes13(NewTest.java:161)
	at sun.reflect.NativeMethodAccessorImpl.invoke0(Native Method)
	at sun.reflect.NativeMethodAccessorImpl.invoke(Unknown Source)
	at sun.reflect.DelegatingMethodAccessorImpl.invoke(Unknown Source)
	at java.lang.reflect.Method.invoke(Unknown Source)
	at org.testng.internal.MethodInvocationHelper.invokeMethod(MethodInvocationHelper.java:108)
	at org.testng.internal.Invoker.invokeMethod(Invoker.java:661)
	at org.testng.internal.Invoker.invokeTestMethod(Invoker.java:869)
	at org.testng.internal.Invoker.invokeTestMethods(Invoker.java:1193)
	at org.testng.internal.TestMethodWorker.invokeTestMethods(TestMethodWorker.java:126)
	at org.testng.internal.TestMethodWorker.run(TestMethodWorker.java:109)
	at org.testng.TestRunner.privateRun(TestRunner.java:744)
	at org.testng.TestRunner.run(TestRunner.java:602)
	at org.testng.SuiteRunner.runTest(SuiteRunner.java:380)
	at org.testng.SuiteRunner.runSequentially(SuiteRunner.java:375)
	at org.testng.SuiteRunner.privateRun(SuiteRunner.java:340)
	at org.testng.SuiteRunner.run(SuiteRunner.java:289)
	at org.testng.SuiteRunnerWorker.runSuite(SuiteRunnerWorker.java:52)
	at org.testng.SuiteRunnerWorker.run(SuiteRunnerWorker.java:86)
	at org.testng.TestNG.runSuitesSequentially(TestNG.java:1301)
	at org.testng.TestNG.runSuitesLocally(TestNG.java:1226)
	at org.testng.TestNG.runSuites(TestNG.java:1144)
	at org.testng.TestNG.run(TestNG.java:1115)
	at org.testng.remote.AbstractRemoteTestNG.run(AbstractRemoteTestNG.java:132)
	at org.testng.remote.RemoteTestNG.initAndRun(RemoteTestNG.java:230)
	at org.testng.remote.RemoteTestNG.main(RemoteTestNG.java:76)
]]>
    </error>
  </testcase> <!-- tes13 -->
</testsuite> <!-- mu.queuetest.NewTest -->
